<?xml version="1.0" encoding="UTF-8"?>
<testsuite xmlns:xsi="http://www.w3.org/2001/XMLSchema-instance" xsi:noNamespaceSchemaLocation="https://maven.apache.org/surefire/maven-surefire-plugin/xsd/surefire-test-report.xsd" name="brigadeiros.BrigadeirosNiceTest" time="11.934" tests="1" errors="0" skipped="0" failures="1">
  <properties>
[...]
</properties>
  <testcase name="testParallel" classname="brigadeiros.BrigadeirosNiceTest" time="11.915">
    <failure message="match failed: EQUALS&#10;  $ | not equal (STRING:STRING)&#10;  &apos;InformarPedidoAceitoTask&apos;&#10;  &apos;FabricarPedidoTask&apos;&#10;&#10;classpath:brigadeiros/features/FazerPedidoValido.feature:51 ==&gt; expected: &lt;0&gt; but was: &lt;1&gt;" type="org.opentest4j.AssertionFailedError"><![CDATA[org.opentest4j.AssertionFailedError: 
match failed: EQUALS
  $ | not equal (STRING:STRING)
  'InformarPedidoAceitoTask'
  'FabricarPedidoTask'

classpath:brigadeiros/features/FazerPedidoValido.feature:51 ==> expected: <0> but was: <1>
	at brigadeiros.BrigadeirosNiceTest.testParallel(BrigadeirosNiceTest.java:28)
]]></failure>
    <system-out><![CDATA[01:26:06.791 [main] INFO  com.intuit.karate.Runner - using system property 'karate.env': e2e
01:26:07.793 [main] INFO  com.intuit.karate.Suite - backed up existing 'target\karate-reports' dir to: target\karate-reports_1622348767791
01:26:09.701 [pool-1-thread-5] INFO  com.intuit.karate - karate.env system property was: e2e 
01:26:09.701 [pool-1-thread-2] INFO  com.intuit.karate - karate.env system property was: e2e 
01:26:09.701 [pool-1-thread-3] INFO  com.intuit.karate - karate.env system property was: e2e 
01:26:09.701 [pool-1-thread-1] INFO  com.intuit.karate - karate.env system property was: e2e 
01:26:09.701 [pool-1-thread-4] INFO  com.intuit.karate - karate.env system property was: e2e 
01:26:10.850 [pool-1-thread-2] INFO  com.intuit.karate - karate.env system property was: e2e 
01:26:10.850 [pool-1-thread-5] INFO  com.intuit.karate - karate.env system property was: e2e 
01:26:10.865 [pool-1-thread-4] INFO  com.intuit.karate - karate.env system property was: e2e 
01:26:10.897 [pool-1-thread-1] INFO  com.intuit.karate - karate.env system property was: e2e 
01:26:10.897 [pool-1-thread-3] INFO  com.intuit.karate - karate.env system property was: e2e 
01:26:10.912 [pool-1-thread-4] INFO  com.intuit.karate - karate.env system property was: e2e 
01:26:10.931 [pool-1-thread-3] INFO  com.intuit.karate - karate.env system property was: e2e 
01:26:10.939 [pool-1-thread-5] INFO  com.intuit.karate - karate.env system property was: e2e 
01:26:10.949 [pool-1-thread-4] INFO  com.intuit.karate - karate.env system property was: e2e 
01:26:10.966 [pool-1-thread-2] INFO  com.intuit.karate - karate.env system property was: e2e 
01:26:10.970 [pool-1-thread-1] INFO  com.intuit.karate - karate.env system property was: e2e 
01:26:10.994 [pool-1-thread-3] INFO  com.intuit.karate - karate.env system property was: e2e 
01:26:11.018 [pool-1-thread-1] INFO  com.intuit.karate - karate.env system property was: e2e 
01:26:11.033 [pool-1-thread-2] INFO  com.intuit.karate - karate.env system property was: e2e 
01:26:11.049 [pool-1-thread-3] INFO  com.intuit.karate - karate.env system property was: e2e 
01:26:11.049 [pool-1-thread-1] INFO  com.intuit.karate - karate.env system property was: e2e 
01:26:11.064 [pool-1-thread-5] INFO  com.intuit.karate - karate.env system property was: e2e 
01:26:11.080 [pool-1-thread-2] INFO  com.intuit.karate - karate.env system property was: e2e 
01:26:11.096 [pool-1-thread-4] INFO  com.intuit.karate - karate.env system property was: e2e 
01:26:11.363 [pool-1-thread-3] INFO  com.intuit.karate - karate.env system property was: e2e 
01:26:11.389 [pool-1-thread-1] INFO  com.intuit.karate - karate.env system property was: e2e 
01:26:11.408 [pool-1-thread-4] INFO  com.intuit.karate - karate.env system property was: e2e 
01:26:11.422 [pool-1-thread-2] INFO  com.intuit.karate - karate.env system property was: e2e 
01:26:11.431 [pool-1-thread-3] INFO  com.intuit.karate - karate.env system property was: e2e 
01:26:11.445 [pool-1-thread-1] INFO  com.intuit.karate - karate.env system property was: e2e 
01:26:11.453 [pool-1-thread-4] INFO  com.intuit.karate - karate.env system property was: e2e 
01:26:11.472 [pool-1-thread-5] INFO  com.intuit.karate - karate.env system property was: e2e 
01:26:11.484 [pool-1-thread-1] INFO  com.intuit.karate - karate.env system property was: e2e 
01:26:11.505 [pool-1-thread-3] INFO  com.intuit.karate - karate.env system property was: e2e 
01:26:11.612 [pool-1-thread-2] INFO  com.intuit.karate - karate.env system property was: e2e 
01:26:12.029 [pool-1-thread-3] INFO  com.intuit.karate - karate.env system property was: e2e 
01:26:12.071 [pool-1-thread-1] INFO  com.intuit.karate - karate.env system property was: e2e 
01:26:12.077 [pool-1-thread-2] INFO  com.intuit.karate - karate.env system property was: e2e 
01:26:12.149 [pool-1-thread-5] INFO  com.intuit.karate - [print] idInstancia: 29c5bbf5-c0ff-11eb-bfa3-6432a88054ea 
01:26:12.155 [pool-1-thread-5] INFO  com.intuit.karate - [print] numeroPedido: 348771854 
01:26:12.227 [pool-1-thread-5] ERROR com.intuit.karate - classpath:brigadeiros/features/FazerPedidoValido.feature:51
And match $[0].taskDefinitionKey == 'FabricarPedidoTask'
match failed: EQUALS
  $ | not equal (STRING:STRING)
  'InformarPedidoAceitoTask'
  'FabricarPedidoTask'

classpath:brigadeiros/features/FazerPedidoValido.feature:51
01:26:12.244 [pool-1-thread-5] INFO  com.intuit.karate - karate.env system property was: e2e 
01:26:12.298 [pool-1-thread-4] INFO  com.intuit.karate - [print] idInstancia: 29c56dc6-c0ff-11eb-bfa3-6432a88054ea 
01:26:12.300 [pool-1-thread-4] INFO  com.intuit.karate - [print] numeroPedido: 348771842 
01:26:12.350 [pool-1-thread-4] INFO  com.intuit.karate - karate.env system property was: e2e 
01:26:12.622 [pool-1-thread-5] INFO  com.intuit.karate - karate.env system property was: e2e 
01:26:12.651 [pool-1-thread-4] INFO  com.intuit.karate - karate.env system property was: e2e 
01:26:12.688 [pool-1-thread-2] INFO  com.intuit.karate - karate.env system property was: e2e 
01:26:12.723 [pool-1-thread-3] INFO  com.intuit.karate - karate.env system property was: e2e 
01:26:12.805 [pool-1-thread-1] INFO  com.intuit.karate - karate.env system property was: e2e 
01:26:12.912 [pool-1-thread-3] INFO  com.intuit.karate - karate.env system property was: e2e 
01:26:13.096 [pool-1-thread-4] INFO  com.intuit.karate - karate.env system property was: e2e 
01:26:13.110 [pool-1-thread-5] INFO  com.intuit.karate - karate.env system property was: e2e 
01:26:13.120 [pool-1-thread-2] INFO  com.intuit.karate - karate.env system property was: e2e 
01:26:13.169 [pool-1-thread-1] INFO  com.intuit.karate - karate.env system property was: e2e 
---------------------------------------------------------
feature: classpath:brigadeiros/features/AvaliarPedidoValido.feature
scenarios: 18 | passed: 18 | failed:  0 | time: 5,9513
---------------------------------------------------------

01:26:14.947 [pool-2-thread-1] INFO  com.intuit.karate.Suite - <<pass>> feature 1 of 5 (4 remaining) classpath:brigadeiros/features/AvaliarPedidoValido.feature
---------------------------------------------------------
feature: classpath:brigadeiros/features/AvaliarValorPedido.feature
scenarios: 12 | passed: 12 | failed:  0 | time: 0,8287
---------------------------------------------------------

01:26:15.330 [pool-2-thread-1] INFO  com.intuit.karate.Suite - <<pass>> feature 2 of 5 (3 remaining) classpath:brigadeiros/features/AvaliarValorPedido.feature
---------------------------------------------------------
feature: classpath:brigadeiros/features/FazerPedidoInvalido.feature
scenarios:  1 | passed:  1 | failed:  0 | time: 0,8844
---------------------------------------------------------

01:26:15.545 [pool-2-thread-1] INFO  com.intuit.karate.Suite - <<pass>> feature 3 of 5 (2 remaining) classpath:brigadeiros/features/FazerPedidoInvalido.feature
---------------------------------------------------------
feature: classpath:brigadeiros/features/FazerPedidoValido.feature
scenarios:  1 | passed:  0 | failed:  1 | time: 0,7516
---------------------------------------------------------

01:26:15.758 [pool-2-thread-1] INFO  com.intuit.karate.Suite - <<fail>> feature 4 of 5 (1 remaining) classpath:brigadeiros/features/FazerPedidoValido.feature
---------------------------------------------------------
feature: classpath:brigadeiros/features/NegociarPedido.feature
scenarios: 18 | passed: 18 | failed:  0 | time: 6,9266
---------------------------------------------------------

01:26:16.306 [pool-2-thread-1] INFO  com.intuit.karate.Suite - <<pass>> feature 5 of 5 (0 remaining) classpath:brigadeiros/features/NegociarPedido.feature
Karate version: 1.0.1
======================================================
elapsed:   9,53 | threads:    5 | thread time: 15,34 
features:     5 | skipped:    0 | efficiency: 0,32
scenarios:   50 | passed:    49 | failed: 1
======================================================
>>> failed features:
match failed: EQUALS
  $ | not equal (STRING:STRING)
  'InformarPedidoAceitoTask'
  'FabricarPedidoTask'

classpath:brigadeiros/features/FazerPedidoValido.feature:51
<<<

HTML report: (paste into browser to view) | Karate version: 1.0.1
file:///C:/Users/Renato/Documents/%23Roadmap/Camunda%20Meetup/automated-testing-of-bpmn-and-dmn-diagrams/target/karate-reports/karate-summary.html
===================================================================

]]></system-out>
    <system-err><![CDATA[May 30, 2021 1:26:16 AM net.masterthought.cucumber.ReportParser parseJsonFiles
INFO: File 'C:\Users\Renato\Documents\#Roadmap\Camunda Meetup\automated-testing-of-bpmn-and-dmn-diagrams\target\karate-reports\brigadeiros.features.AvaliarPedidoValido.json' contains 1 features
May 30, 2021 1:26:17 AM net.masterthought.cucumber.ReportParser parseJsonFiles
INFO: File 'C:\Users\Renato\Documents\#Roadmap\Camunda Meetup\automated-testing-of-bpmn-and-dmn-diagrams\target\karate-reports\brigadeiros.features.AvaliarValorPedido.json' contains 1 features
May 30, 2021 1:26:17 AM net.masterthought.cucumber.ReportParser parseJsonFiles
INFO: File 'C:\Users\Renato\Documents\#Roadmap\Camunda Meetup\automated-testing-of-bpmn-and-dmn-diagrams\target\karate-reports\brigadeiros.features.FazerPedidoInvalido.json' contains 1 features
May 30, 2021 1:26:17 AM net.masterthought.cucumber.ReportParser parseJsonFiles
INFO: File 'C:\Users\Renato\Documents\#Roadmap\Camunda Meetup\automated-testing-of-bpmn-and-dmn-diagrams\target\karate-reports\brigadeiros.features.FazerPedidoValido.json' contains 1 features
May 30, 2021 1:26:17 AM net.masterthought.cucumber.ReportParser parseJsonFiles
INFO: File 'C:\Users\Renato\Documents\#Roadmap\Camunda Meetup\automated-testing-of-bpmn-and-dmn-diagrams\target\karate-reports\brigadeiros.features.NegociarPedido.json' contains 1 features
]]></system-err>
  </testcase>
</testsuite>